TN:
SF:app.js
FN:103,generateId
FN:107,saveData
FN:111,loadData
FN:118,showToast
FN:121,(anonymous_4)
FN:126,getCurrentCategory
FN:127,(anonymous_6)
FN:130,getCurrentDeck
FN:133,(anonymous_8)
FN:138,navigateTo
FN:140,(anonymous_10)
FN:168,updateHeader
FN:192,goBack
FN:210,renderCategories
FN:221,(anonymous_14)
FN:223,(anonymous_15)
FN:241,(anonymous_16)
FN:252,renderDecks
FN:266,(anonymous_18)
FN:286,(anonymous_19)
FN:297,renderCards
FN:313,(anonymous_21)
FN:344,escapeHtml
FN:352,openModal
FN:357,closeAllModals
FN:359,(anonymous_25)
FN:369,(anonymous_26)
FN:373,(anonymous_27)
FN:382,showContextMenu
FN:399,openCategoryModal
FN:401,(anonymous_30)
FN:408,(anonymous_31)
FN:411,(anonymous_32)
FN:423,saveCategory
FN:434,(anonymous_34)
FN:460,openDeckModal
FN:463,(anonymous_36)
FN:476,saveDeck
FN:489,(anonymous_38)
FN:515,openCardModal
FN:518,(anonymous_40)
FN:537,saveCard
FN:550,(anonymous_42)
FN:573,handleImageUpload
FN:583,(anonymous_44)
FN:592,resetImagePreview
FN:609,confirmDelete
FN:614,(anonymous_47)
FN:620,(anonymous_48)
FN:634,deleteItem
FN:637,(anonymous_50)
FN:644,(anonymous_51)
FN:652,(anonymous_52)
FN:665,initStudyMode
FN:680,updateStudyCard
FN:684,(anonymous_55)
FN:714,updateStudyProgress
FN:723,flipCard
FN:727,prevCard
FN:735,nextCard
FN:743,shuffleCards
FN:767,(anonymous_61)
FN:774,(anonymous_62)
FN:816,initSwipeListeners
FN:818,(anonymous_64)
FN:822,(anonymous_65)
FN:824,(anonymous_66)
FN:825,(anonymous_67)
FN:826,(anonymous_68)
FN:827,(anonymous_69)
FN:836,(anonymous_70)
FN:837,(anonymous_71)
FN:841,(anonymous_72)
FN:845,(anonymous_73)
FN:854,initEventListeners
FN:859,(anonymous_75)
FN:860,(anonymous_76)
FN:861,(anonymous_77)
FN:862,(anonymous_78)
FN:870,(anonymous_79)
FN:871,(anonymous_80)
FN:872,(anonymous_81)
FN:879,(anonymous_82)
FN:880,(anonymous_83)
FN:881,(anonymous_84)
FN:892,(anonymous_85)
FN:899,(anonymous_86)
FN:918,(anonymous_87)
FN:924,(anonymous_88)
FN:935,(anonymous_89)
FN:954,(anonymous_90)
FN:963,registerServiceWorker
FN:966,(anonymous_92)
FN:969,(anonymous_93)
FN:977,init
FNF:95
FNH:0
FNDA:0,generateId
FNDA:0,saveData
FNDA:0,loadData
FNDA:0,showToast
FNDA:0,(anonymous_4)
FNDA:0,getCurrentCategory
FNDA:0,(anonymous_6)
FNDA:0,getCurrentDeck
FNDA:0,(anonymous_8)
FNDA:0,navigateTo
FNDA:0,(anonymous_10)
FNDA:0,updateHeader
FNDA:0,goBack
FNDA:0,renderCategories
FNDA:0,(anonymous_14)
FNDA:0,(anonymous_15)
FNDA:0,(anonymous_16)
FNDA:0,renderDecks
FNDA:0,(anonymous_18)
FNDA:0,(anonymous_19)
FNDA:0,renderCards
FNDA:0,(anonymous_21)
FNDA:0,escapeHtml
FNDA:0,openModal
FNDA:0,closeAllModals
FNDA:0,(anonymous_25)
FNDA:0,(anonymous_26)
FNDA:0,(anonymous_27)
FNDA:0,showContextMenu
FNDA:0,openCategoryModal
FNDA:0,(anonymous_30)
FNDA:0,(anonymous_31)
FNDA:0,(anonymous_32)
FNDA:0,saveCategory
FNDA:0,(anonymous_34)
FNDA:0,openDeckModal
FNDA:0,(anonymous_36)
FNDA:0,saveDeck
FNDA:0,(anonymous_38)
FNDA:0,openCardModal
FNDA:0,(anonymous_40)
FNDA:0,saveCard
FNDA:0,(anonymous_42)
FNDA:0,handleImageUpload
FNDA:0,(anonymous_44)
FNDA:0,resetImagePreview
FNDA:0,confirmDelete
FNDA:0,(anonymous_47)
FNDA:0,(anonymous_48)
FNDA:0,deleteItem
FNDA:0,(anonymous_50)
FNDA:0,(anonymous_51)
FNDA:0,(anonymous_52)
FNDA:0,initStudyMode
FNDA:0,updateStudyCard
FNDA:0,(anonymous_55)
FNDA:0,updateStudyProgress
FNDA:0,flipCard
FNDA:0,prevCard
FNDA:0,nextCard
FNDA:0,shuffleCards
FNDA:0,(anonymous_61)
FNDA:0,(anonymous_62)
FNDA:0,initSwipeListeners
FNDA:0,(anonymous_64)
FNDA:0,(anonymous_65)
FNDA:0,(anonymous_66)
FNDA:0,(anonymous_67)
FNDA:0,(anonymous_68)
FNDA:0,(anonymous_69)
FNDA:0,(anonymous_70)
FNDA:0,(anonymous_71)
FNDA:0,(anonymous_72)
FNDA:0,(anonymous_73)
FNDA:0,initEventListeners
FNDA:0,(anonymous_75)
FNDA:0,(anonymous_76)
FNDA:0,(anonymous_77)
FNDA:0,(anonymous_78)
FNDA:0,(anonymous_79)
FNDA:0,(anonymous_80)
FNDA:0,(anonymous_81)
FNDA:0,(anonymous_82)
FNDA:0,(anonymous_83)
FNDA:0,(anonymous_84)
FNDA:0,(anonymous_85)
FNDA:0,(anonymous_86)
FNDA:0,(anonymous_87)
FNDA:0,(anonymous_88)
FNDA:0,(anonymous_89)
FNDA:0,(anonymous_90)
FNDA:0,registerServiceWorker
FNDA:0,(anonymous_92)
FNDA:0,(anonymous_93)
FNDA:0,init
DA:4,0
DA:16,0
DA:104,0
DA:108,0
DA:112,0
DA:113,0
DA:114,0
DA:119,0
DA:120,0
DA:121,0
DA:122,0
DA:127,0
DA:131,0
DA:132,0
DA:133,0
DA:140,0
DA:143,0
DA:144,0
DA:145,0
DA:148,0
DA:149,0
DA:152,0
DA:154,0
DA:155,0
DA:157,0
DA:158,0
DA:160,0
DA:161,0
DA:163,0
DA:164,0
DA:169,0
DA:170,0
DA:172,0
DA:174,0
DA:175,0
DA:176,0
DA:178,0
DA:179,0
DA:180,0
DA:182,0
DA:183,0
DA:184,0
DA:186,0
DA:187,0
DA:188,0
DA:193,0
DA:195,0
DA:196,0
DA:197,0
DA:199,0
DA:200,0
DA:201,0
DA:203,0
DA:204,0
DA:211,0
DA:212,0
DA:214,0
DA:215,0
DA:216,0
DA:219,0
DA:221,0
DA:222,0
DA:223,0
DA:225,0
DA:226,0
DA:227,0
DA:228,0
DA:241,0
DA:242,0
DA:243,0
DA:244,0
DA:248,0
DA:253,0
DA:254,0
DA:255,0
DA:257,0
DA:259,0
DA:260,0
DA:261,0
DA:264,0
DA:266,0
DA:267,0
DA:269,0
DA:270,0
DA:271,0
DA:272,0
DA:286,0
DA:287,0
DA:288,0
DA:289,0
DA:293,0
DA:298,0
DA:299,0
DA:300,0
DA:302,0
DA:304,0
DA:305,0
DA:306,0
DA:307,0
DA:310,0
DA:311,0
DA:313,0
DA:314,0
DA:315,0
DA:316,0
DA:340,0
DA:345,0
DA:346,0
DA:347,0
DA:353,0
DA:354,0
DA:358,0
DA:359,0
DA:360,0
DA:363,0
DA:364,0
DA:365,0
DA:366,0
DA:369,0
DA:370,0
DA:371,0
DA:373,0
DA:374,0
DA:375,0
DA:378,0
DA:379,0
DA:383,0
DA:385,0
DA:386,0
DA:388,0
DA:389,0
DA:391,0
DA:392,0
DA:393,0
DA:394,0
DA:400,0
DA:401,0
DA:402,0
DA:403,0
DA:404,0
DA:405,0
DA:408,0
DA:409,0
DA:411,0
DA:412,0
DA:415,0
DA:417,0
DA:420,0
DA:424,0
DA:426,0
DA:427,0
DA:428,0
DA:430,0
DA:432,0
DA:434,0
DA:435,0
DA:436,0
DA:437,0
DA:438,0
DA:439,0
DA:443,0
DA:450,0
DA:453,0
DA:454,0
DA:455,0
DA:461,0
DA:462,0
DA:463,0
DA:464,0
DA:465,0
DA:466,0
DA:468,0
DA:470,0
DA:473,0
DA:477,0
DA:479,0
DA:480,0
DA:482,0
DA:484,0
DA:485,0
DA:487,0
DA:489,0
DA:490,0
DA:491,0
DA:492,0
DA:493,0
DA:497,0
DA:503,0
DA:506,0
DA:507,0
DA:508,0
DA:513,0
DA:516,0
DA:517,0
DA:518,0
DA:519,0
DA:520,0
DA:521,0
DA:522,0
DA:523,0
DA:524,0
DA:525,0
DA:526,0
DA:529,0
DA:531,0
DA:534,0
DA:538,0
DA:540,0
DA:541,0
DA:543,0
DA:545,0
DA:546,0
DA:548,0
DA:550,0
DA:551,0
DA:552,0
DA:553,0
DA:554,0
DA:555,0
DA:559,0
DA:565,0
DA:568,0
DA:569,0
DA:570,0
DA:574,0
DA:575,0
DA:577,0
DA:578,0
DA:579,0
DA:582,0
DA:583,0
DA:584,0
DA:585,0
DA:586,0
DA:587,0
DA:589,0
DA:593,0
DA:594,0
DA:602,0
DA:603,0
DA:604,0
DA:610,0
DA:612,0
DA:614,0
DA:615,0
DA:616,0
DA:617,0
DA:619,0
DA:620,0
DA:621,0
DA:622,0
DA:623,0
DA:625,0
DA:626,0
DA:629,0
DA:630,0
DA:631,0
DA:635,0
DA:637,0
DA:638,0
DA:639,0
DA:640,0
DA:642,0
DA:643,0
DA:644,0
DA:645,0
DA:646,0
DA:648,0
DA:650,0
DA:651,0
DA:652,0
DA:653,0
DA:654,0
DA:656,0
DA:659,0
DA:660,0
DA:666,0
DA:667,0
DA:668,0
DA:669,0
DA:670,0
DA:673,0
DA:674,0
DA:676,0
DA:677,0
DA:681,0
DA:682,0
DA:684,0
DA:686,0
DA:687,0
DA:688,0
DA:690,0
DA:691,0
DA:693,0
DA:696,0
DA:699,0
DA:700,0
DA:704,0
DA:705,0
DA:707,0
DA:709,0
DA:710,0
DA:715,0
DA:716,0
DA:717,0
DA:719,0
DA:720,0
DA:724,0
DA:728,0
DA:729,0
DA:730,0
DA:731,0
DA:736,0
DA:737,0
DA:738,0
DA:739,0
DA:745,0
DA:746,0
DA:747,0
DA:750,0
DA:751,0
DA:752,0
DA:753,0
DA:758,0
DA:768,0
DA:769,0
DA:770,0
DA:771,0
DA:775,0
DA:776,0
DA:777,0
DA:778,0
DA:780,0
DA:781,0
DA:784,0
DA:788,0
DA:789,0
DA:790,0
DA:791,0
DA:792,0
DA:793,0
DA:798,0
DA:802,0
DA:803,0
DA:804,0
DA:805,0
DA:806,0
DA:807,0
DA:812,0
DA:818,0
DA:819,0
DA:822,0
DA:823,0
DA:824,0
DA:825,0
DA:826,0
DA:827,0
DA:835,0
DA:836,0
DA:837,0
DA:838,0
DA:841,0
DA:843,0
DA:844,0
DA:845,0
DA:856,0
DA:859,0
DA:860,0
DA:861,0
DA:862,0
DA:865,0
DA:866,0
DA:867,0
DA:870,0
DA:871,0
DA:872,0
DA:873,0
DA:874,0
DA:879,0
DA:880,0
DA:881,0
DA:882,0
DA:883,0
DA:888,0
DA:889,0
DA:892,0
DA:893,0
DA:894,0
DA:895,0
DA:899,0
DA:900,0
DA:901,0
DA:903,0
DA:904,0
DA:906,0
DA:907,0
DA:909,0
DA:910,0
DA:914,0
DA:915,0
DA:918,0
DA:919,0
DA:920,0
DA:924,0
DA:925,0
DA:929,0
DA:930,0
DA:931,0
DA:932,0
DA:935,0
DA:936,0
DA:938,0
DA:941,0
DA:942,0
DA:943,0
DA:945,0
DA:946,0
DA:948,0
DA:949,0
DA:954,0
DA:955,0
DA:956,0
DA:964,0
DA:965,0
DA:967,0
DA:970,0
DA:978,0
DA:979,0
DA:980,0
DA:981,0
DA:982,0
DA:986,0
DA:989,0
DA:990,0
LF:434
LH:0
BRDA:113,0,0,0
BRDA:113,0,1,0
BRDA:118,1,0,0
BRDA:132,2,0,0
BRDA:132,2,1,0
BRDA:144,3,0,0
BRDA:144,3,1,0
BRDA:152,4,0,0
BRDA:152,4,1,0
BRDA:152,4,2,0
BRDA:152,4,3,0
BRDA:172,5,0,0
BRDA:172,5,1,0
BRDA:172,5,2,0
BRDA:172,5,3,0
BRDA:178,6,0,0
BRDA:178,6,1,0
BRDA:182,7,0,0
BRDA:182,7,1,0
BRDA:193,8,0,0
BRDA:193,8,1,0
BRDA:193,8,2,0
BRDA:214,9,0,0
BRDA:214,9,1,0
BRDA:222,10,0,0
BRDA:222,10,1,0
BRDA:223,11,0,0
BRDA:223,11,1,0
BRDA:223,12,0,0
BRDA:223,12,1,0
BRDA:238,13,0,0
BRDA:238,13,1,0
BRDA:238,14,0,0
BRDA:238,14,1,0
BRDA:242,15,0,0
BRDA:242,15,1,0
BRDA:257,16,0,0
BRDA:257,16,1,0
BRDA:259,17,0,0
BRDA:259,17,1,0
BRDA:259,18,0,0
BRDA:259,18,1,0
BRDA:267,19,0,0
BRDA:267,19,1,0
BRDA:282,20,0,0
BRDA:282,20,1,0
BRDA:283,21,0,0
BRDA:283,21,1,0
BRDA:287,22,0,0
BRDA:287,22,1,0
BRDA:302,23,0,0
BRDA:302,23,1,0
BRDA:304,24,0,0
BRDA:304,24,1,0
BRDA:304,25,0,0
BRDA:304,25,1,0
BRDA:318,26,0,0
BRDA:318,26,1,0
BRDA:399,27,0,0
BRDA:400,28,0,0
BRDA:400,28,1,0
BRDA:400,29,0,0
BRDA:400,29,1,0
BRDA:402,30,0,0
BRDA:402,30,1,0
BRDA:430,31,0,0
BRDA:430,31,1,0
BRDA:432,32,0,0
BRDA:432,32,1,0
BRDA:435,33,0,0
BRDA:435,33,1,0
BRDA:460,34,0,0
BRDA:461,35,0,0
BRDA:461,35,1,0
BRDA:461,36,0,0
BRDA:461,36,1,0
BRDA:464,37,0,0
BRDA:464,37,1,0
BRDA:466,38,0,0
BRDA:466,38,1,0
BRDA:482,39,0,0
BRDA:482,39,1,0
BRDA:485,40,0,0
BRDA:485,40,1,0
BRDA:487,41,0,0
BRDA:487,41,1,0
BRDA:490,42,0,0
BRDA:490,42,1,0
BRDA:515,43,0,0
BRDA:516,44,0,0
BRDA:516,44,1,0
BRDA:516,45,0,0
BRDA:516,45,1,0
BRDA:519,46,0,0
BRDA:519,46,1,0
BRDA:522,47,0,0
BRDA:522,47,1,0
BRDA:543,48,0,0
BRDA:543,48,1,0
BRDA:543,49,0,0
BRDA:543,49,1,0
BRDA:546,50,0,0
BRDA:546,50,1,0
BRDA:548,51,0,0
BRDA:548,51,1,0
BRDA:551,52,0,0
BRDA:551,52,1,0
BRDA:575,53,0,0
BRDA:575,53,1,0
BRDA:577,54,0,0
BRDA:577,54,1,0
BRDA:612,55,0,0
BRDA:612,55,1,0
BRDA:612,55,2,0
BRDA:615,56,0,0
BRDA:615,56,1,0
BRDA:616,57,0,0
BRDA:616,57,1,0
BRDA:621,58,0,0
BRDA:621,58,1,0
BRDA:622,59,0,0
BRDA:622,59,1,0
BRDA:635,60,0,0
BRDA:635,60,1,0
BRDA:635,60,2,0
BRDA:643,61,0,0
BRDA:643,61,1,0
BRDA:651,62,0,0
BRDA:651,62,1,0
BRDA:667,63,0,0
BRDA:667,63,1,0
BRDA:667,64,0,0
BRDA:667,64,1,0
BRDA:680,65,0,0
BRDA:682,66,0,0
BRDA:682,66,1,0
BRDA:686,67,0,0
BRDA:686,67,1,0
BRDA:704,68,0,0
BRDA:704,68,1,0
BRDA:704,69,0,0
BRDA:704,69,1,0
BRDA:728,70,0,0
BRDA:728,70,1,0
BRDA:736,71,0,0
BRDA:736,71,1,0
BRDA:780,72,0,0
BRDA:780,72,1,0
BRDA:784,73,0,0
BRDA:784,73,1,0
BRDA:784,74,0,0
BRDA:784,74,1,0
BRDA:784,74,2,0
BRDA:788,75,0,0
BRDA:788,75,1,0
BRDA:788,76,0,0
BRDA:788,76,1,0
BRDA:791,77,0,0
BRDA:791,77,1,0
BRDA:791,78,0,0
BRDA:791,78,1,0
BRDA:798,79,0,0
BRDA:798,79,1,0
BRDA:798,80,0,0
BRDA:798,80,1,0
BRDA:798,80,2,0
BRDA:802,81,0,0
BRDA:802,81,1,0
BRDA:802,82,0,0
BRDA:802,82,1,0
BRDA:805,83,0,0
BRDA:805,83,1,0
BRDA:805,84,0,0
BRDA:805,84,1,0
BRDA:843,85,0,0
BRDA:843,85,1,0
BRDA:894,86,0,0
BRDA:894,86,1,0
BRDA:901,87,0,0
BRDA:901,87,1,0
BRDA:901,87,2,0
BRDA:919,88,0,0
BRDA:919,88,1,0
BRDA:936,89,0,0
BRDA:936,89,1,0
BRDA:938,90,0,0
BRDA:938,90,1,0
BRDA:938,90,2,0
BRDA:938,90,3,0
BRDA:955,91,0,0
BRDA:955,91,1,0
BRDA:964,92,0,0
BRDA:964,92,1,0
BRDA:989,93,0,0
BRDA:989,93,1,0
BRDA:989,94,0,0
BRDA:989,94,1,0
BRF:197
BRH:0
end_of_record
